<?xml version="1.0" encoding="UTF-8"?>
<!-- Generated by org.testng.reporters.JUnitXMLReporter -->
<testsuite hostname="DESKTOP-OGQ3IB6" ignored="2" name="TestNG Annotation" tests="2" failures="1" timestamp="2022-06-17T18:24:17 BDT" time="110.269" errors="0">
  <testcase name="login" time="30.323" classname="testcase.Registration"/>
  <testcase name="SignIn" time="79.753" classname="testcase.SignIn">
    <failure type="org.openqa.selenium.ElementClickInterceptedException" message="element click intercepted: Element &amp;lt;a href=&amp;quot;https://sam.rultest2.com/account/&amp;quot;&amp;gt;...&amp;lt;/a&amp;gt; is not clickable at point (422, 65). Other element would receive the click: &amp;lt;h3 class=&amp;quot;stm-curriculum__title&amp;quot;&amp;gt;...&amp;lt;/h3&amp;gt;
  (Session info: chrome=102.0.5005.115)
Build info: version: &amp;apos;4.1.3&amp;apos;, revision: &amp;apos;7b1ebf28ef&amp;apos;
System info: host: &amp;apos;DESKTOP-OGQ3IB6&amp;apos;, ip: &amp;apos;192.168.10.178&amp;apos;, os.name: &amp;apos;Windows 10&amp;apos;, os.arch: &amp;apos;amd64&amp;apos;, os.version: &amp;apos;10.0&amp;apos;, java.version: &amp;apos;1.8.0_333&amp;apos;
Driver info: org.openqa.selenium.chrome.ChromeDriver
Command: [1cc152925dbe650e1d1bd07aba76a128, clickElement {id=66e99f2e-4702-4c08-a02c-55c8f843d2fe}]
Capabilities {acceptInsecureCerts: false, browserName: chrome, browserVersion: 102.0.5005.115, chrome: {chromedriverVersion: 102.0.5005.61 (0e59bcc00cc4..., userDataDir: C:\Users\Rocky\AppData\Loca...}, goog:chromeOptions: {debuggerAddress: localhost:53647}, javascriptEnabled: true, networkConnectionEnabled: false, pageLoadStrategy: normal, platform: WINDOWS, platformName: WINDOWS, proxy: Proxy(), se:cdp: ws://localhost:53647/devtoo..., se:cdpVersion: 102.0.5005.115, setWindowRect: true, strictFileInteractability: false, timeouts: {implicit: 0, pageLoad: 300000, script: 30000}, unhandledPromptBehavior: dismiss and notify, webauthn:extension:credBlob: true, webauthn:extension:largeBlob: true, webauthn:virtualAuthenticators: true}
Element: [[ChromeDriver: chrome on WINDOWS (1cc152925dbe650e1d1bd07aba76a128)] -&amp;gt; xpath: /html/body/div[1]/div/div/div[2]/div/div/div/div/div/a]
Session ID: 1cc152925dbe650e1d1bd07aba76a128">
      <![CDATA[org.openqa.selenium.ElementClickInterceptedException: element click intercepted: Element <a href="https://sam.rultest2.com/account/">...</a> is not clickable at point (422, 65). Other element would receive the click: <h3 class="stm-curriculum__title">...</h3>
  (Session info: chrome=102.0.5005.115)
Build info: version: '4.1.3', revision: '7b1ebf28ef'
System info: host: 'DESKTOP-OGQ3IB6', ip: '192.168.10.178', os.name: 'Windows 10', os.arch: 'amd64', os.version: '10.0', java.version: '1.8.0_333'
Driver info: org.openqa.selenium.chrome.ChromeDriver
Command: [1cc152925dbe650e1d1bd07aba76a128, clickElement {id=66e99f2e-4702-4c08-a02c-55c8f843d2fe}]
Capabilities {acceptInsecureCerts: false, browserName: chrome, browserVersion: 102.0.5005.115, chrome: {chromedriverVersion: 102.0.5005.61 (0e59bcc00cc4..., userDataDir: C:\Users\Rocky\AppData\Loca...}, goog:chromeOptions: {debuggerAddress: localhost:53647}, javascriptEnabled: true, networkConnectionEnabled: false, pageLoadStrategy: normal, platform: WINDOWS, platformName: WINDOWS, proxy: Proxy(), se:cdp: ws://localhost:53647/devtoo..., se:cdpVersion: 102.0.5005.115, setWindowRect: true, strictFileInteractability: false, timeouts: {implicit: 0, pageLoad: 300000, script: 30000}, unhandledPromptBehavior: dismiss and notify, webauthn:extension:credBlob: true, webauthn:extension:largeBlob: true, webauthn:virtualAuthenticators: true}
Element: [[ChromeDriver: chrome on WINDOWS (1cc152925dbe650e1d1bd07aba76a128)] -> xpath: /html/body/div[1]/div/div/div[2]/div/div/div/div/div/a]
Session ID: 1cc152925dbe650e1d1bd07aba76a128
at org.openqa.selenium.remote.codec.w3c.W3CHttpResponseCodec.createException(W3CHttpResponseCodec.java:200)
at org.openqa.selenium.remote.codec.w3c.W3CHttpResponseCodec.decode(W3CHttpResponseCodec.java:133)
at org.openqa.selenium.remote.codec.w3c.W3CHttpResponseCodec.decode(W3CHttpResponseCodec.java:53)
at org.openqa.selenium.remote.HttpCommandExecutor.execute(HttpCommandExecutor.java:184)
at org.openqa.selenium.remote.service.DriverCommandExecutor.invokeExecute(DriverCommandExecutor.java:167)
at org.openqa.selenium.remote.service.DriverCommandExecutor.execute(DriverCommandExecutor.java:142)
at org.openqa.selenium.remote.RemoteWebDriver.execute(RemoteWebDriver.java:567)
at org.openqa.selenium.remote.RemoteWebElement.execute(RemoteWebElement.java:251)
at org.openqa.selenium.remote.RemoteWebElement.click(RemoteWebElement.java:77)
at testcase.SignIn.SignIn(SignIn.java:31)
at java.util.ArrayList.forEach(Unknown Source)
... Removed 31 stack frames]]>
    </failure>
  </testcase> <!-- SignIn -->
  <testcase name="@AfterSuite tearDown" time="0.0" classname="base.driver">
    <ignored/>
  </testcase> <!-- @AfterSuite tearDown -->
  <testcase name="@BeforeSuite setup" time="0.0" classname="base.driver">
    <ignored/>
  </testcase> <!-- @BeforeSuite setup -->
</testsuite> <!-- TestNG Annotation -->
